2016/07/24 20:05:32 INFO  - jmeter.util.JMeterUtils: Setting Locale to en_US 
2016/07/24 20:05:32 INFO  - jmeter.JMeter: Loading user properties from: /usr/share/jmeter/bin/user.properties 
2016/07/24 20:05:32 INFO  - jmeter.JMeter: Loading system properties from: /usr/share/jmeter/bin/system.properties 
2016/07/24 20:05:32 INFO  - jmeter.JMeter: Copyright (c) 1998-2012 The Apache Software Foundation 
2016/07/24 20:05:32 INFO  - jmeter.JMeter: Version 2.8.20130705 
2016/07/24 20:05:32 INFO  - jmeter.JMeter: java.version=1.7.0_80 
2016/07/24 20:05:32 INFO  - jmeter.JMeter: java.vm.name=Java HotSpot(TM) 64-Bit Server VM 
2016/07/24 20:05:32 INFO  - jmeter.JMeter: os.name=Linux 
2016/07/24 20:05:32 INFO  - jmeter.JMeter: os.arch=amd64 
2016/07/24 20:05:32 INFO  - jmeter.JMeter: os.version=4.2.0-27-generic 
2016/07/24 20:05:32 INFO  - jmeter.JMeter: file.encoding=UTF-8 
2016/07/24 20:05:32 INFO  - jmeter.JMeter: Default Locale=English (United States) 
2016/07/24 20:05:32 INFO  - jmeter.JMeter: JMeter  Locale=English (United States) 
2016/07/24 20:05:32 INFO  - jmeter.JMeter: JMeterHome=/usr/share/jmeter 
2016/07/24 20:05:32 INFO  - jmeter.JMeter: user.dir  =/media/Crowdin/Service/www/arr 
2016/07/24 20:05:32 INFO  - jmeter.JMeter: PWD       =/media/Crowdin/Service/www/arr 
2016/07/24 20:05:32 INFO  - jmeter.JMeter: IP: 127.0.1.1 Name: ubuntu FullName: ubuntu 
2016/07/24 20:05:32 INFO  - jmeter.JMeter: Loaded icon properties from org/apache/jmeter/images/icon.properties 
2016/07/24 20:05:32 WARN  - jmeter.gui.action.ActionRouter: java.awt.HeadlessException: 
No X11 DISPLAY variable was set, but this program performed an operation which requires it. 
2016/07/24 20:05:32 FATAL - jmeter.JMeter: An error occurred:  java.awt.HeadlessException: 
No X11 DISPLAY variable was set, but this program performed an operation which requires it.
	at java.awt.GraphicsEnvironment.checkHeadless(GraphicsEnvironment.java:207)
	at java.awt.Window.<init>(Window.java:535)
	at java.awt.Frame.<init>(Frame.java:420)
	at java.awt.Frame.<init>(Frame.java:385)
	at javax.swing.JFrame.<init>(JFrame.java:180)
	at org.apache.jmeter.gui.MainFrame.<init>(MainFrame.java:192)
	at org.apache.jmeter.JMeter.startGui(JMeter.java:231)
	at org.apache.jmeter.JMeter.start(JMeter.java:378)
	at sun.reflect.NativeMethodAccessorImpl.invoke0(Native Method)
	at sun.reflect.NativeMethodAccessorImpl.invoke(NativeMethodAccessorImpl.java:57)
	at sun.reflect.DelegatingMethodAccessorImpl.invoke(DelegatingMethodAccessorImpl.java:43)
	at java.lang.reflect.Method.invoke(Method.java:606)
	at org.apache.jmeter.NewDriver.main(NewDriver.java:216)

